2018-07-18 13:19:24 noob 87654321 成功登录
2018-07-18 13:20:20 noob 87654321 成功转账 1200 元至账号 12345678
2018-07-18 13:20:50 downtiser 12345678 登录失败
2018-07-18 13:31:43 noob 87654321 成功登录
2018-07-18 13:40:25 noob 87654321 登录失败
2018-07-18 13:53:16 noob 87654321 成功登录
2018-07-18 15:48:40 downtiseme 12344321 创建账户
2018-07-18 15:49:55 idiot 56785678 创建账户
2018-07-18 15:56:42 downtiser 12345678 登录失败
2018-07-18 16:00:37 downtiser 12345678 登录失败
2018-07-18 16:01:10 idiot 56785678 成功登录
2018-07-18 16:01:23 idiot 56785678 更新账户
2018-07-18 16:11:01 downtiseme 12344321 成功登录
2018-07-18 16:11:06 downtiseme 12344321 更新账户
2018-07-18 16:28:00 downtiser 12345678 成功登录
2018-07-18 16:34:27 downtiser 12345678 成功登录
2018-07-18 16:34:31 downtiser 12345678 解冻账户
2018-07-18 16:34:43 downtiser 12345678 更新账户
2018-07-18 16:37:20 downtiser 12345678 成功登录
2018-07-18 16:38:37 downtiser 12345678 成功登录
2018-07-18 16:38:53 downtiser 12345678 冻结账户
